<?xml version="1.0" encoding="UTF-8"?>
<!-- Generated by org.testng.reporters.JUnitXMLReporter -->
<testsuite hostname="DESKTOP-P55S304" ignored="0" name="Test" tests="2" failures="1" timestamp="29 Mar 2018 06:09:04 GMT" time="32.141" errors="0">
  <testcase name="testInvalidLogin" time="1.346" classname="scripts.TestInvalidLogin"/>
  <testcase name="testProductVersion" time="17.072" classname="scripts.VerifyProductVersion">
    <failure type="org.openqa.selenium.TimeoutException" message="Expected condition failed: waiting for title to be &amp;quot;actiTIME-Enter Time-Track&amp;quot;. Current title: &amp;quot;actiTIME - Enter Time-Track&amp;quot; (tried for 10 second(s) with 500 MILLISECONDS interval)
Build info: version: &amp;apos;3.7.1&amp;apos;, revision: &amp;apos;8a0099a&amp;apos;, time: &amp;apos;2017-11-06T21:01:39.354Z&amp;apos;
System info: host: &amp;apos;DESKTOP-P55S304&amp;apos;, ip: &amp;apos;192.168.18.1&amp;apos;, os.name: &amp;apos;Windows 10&amp;apos;, os.arch: &amp;apos;amd64&amp;apos;, os.version: &amp;apos;10.0&amp;apos;, java.version: &amp;apos;1.8.0_151&amp;apos;
Driver info: org.openqa.selenium.firefox.FirefoxDriver
Capabilities {acceptInsecureCerts: true, browserName: firefox, browserVersion: 59.0.2, javascriptEnabled: true, moz:accessibilityChecks: false, moz:headless: false, moz:processID: 10696, moz:profile: C:\Users\NOOR\AppData\Local..., moz:useNonSpecCompliantPointerOrigin: false, moz:webdriverClick: true, pageLoadStrategy: normal, platform: XP, platformName: XP, platformVersion: 10.0, rotatable: false, timeouts: {implicit: 0, pageLoad: 300000, script: 30000}}
Session ID: 7c42ae23-4b6e-4612-a7c9-5919c1b4f29a">
      <![CDATA[org.openqa.selenium.TimeoutException: Expected condition failed: waiting for title to be "actiTIME-Enter Time-Track". Current title: "actiTIME - Enter Time-Track" (tried for 10 second(s) with 500 MILLISECONDS interval)
Build info: version: '3.7.1', revision: '8a0099a', time: '2017-11-06T21:01:39.354Z'
System info: host: 'DESKTOP-P55S304', ip: '192.168.18.1', os.name: 'Windows 10', os.arch: 'amd64', os.version: '10.0', java.version: '1.8.0_151'
Driver info: org.openqa.selenium.firefox.FirefoxDriver
Capabilities {acceptInsecureCerts: true, browserName: firefox, browserVersion: 59.0.2, javascriptEnabled: true, moz:accessibilityChecks: false, moz:headless: false, moz:processID: 10696, moz:profile: C:\Users\NOOR\AppData\Local..., moz:useNonSpecCompliantPointerOrigin: false, moz:webdriverClick: true, pageLoadStrategy: normal, platform: XP, platformName: XP, platformVersion: 10.0, rotatable: false, timeouts: {implicit: 0, pageLoad: 300000, script: 30000}}
Session ID: 7c42ae23-4b6e-4612-a7c9-5919c1b4f29a
	at org.openqa.selenium.support.ui.WebDriverWait.timeoutException(WebDriverWait.java:82)
	at org.openqa.selenium.support.ui.FluentWait.until(FluentWait.java:231)
	at scripts.VerifyProductVersion.testProductVersion(VerifyProductVersion.java:23)
... Removed 25 stack frames]]>
    </failure>
  </testcase> <!-- testProductVersion -->
</testsuite> <!-- Test -->
