<?xml version="1.0" encoding="UTF-8"?>
<testng-results skipped="0" failed="0" ignored="0" total="1" passed="1">
  <reporter-output>
  </reporter-output>
  <suite name="Default suite" duration-ms="12733" started-at="2018-03-30T05:31:29Z" finished-at="2018-03-30T05:31:42Z">
    <groups>
    </groups>
    <test name="Default test" duration-ms="12733" started-at="2018-03-30T05:31:29Z" finished-at="2018-03-30T05:31:42Z">
      <class name="scripts.VerifyProductVersion">
        <test-method status="PASS" signature="openApplication()[pri:0, instance:scripts.VerifyProductVersion@4883b407]" name="openApplication" is-config="true" duration-ms="8387" started-at="2018-03-30T11:01:29Z" finished-at="2018-03-30T11:01:38Z">
          <reporter-output>
          </reporter-output>
        </test-method> <!-- openApplication -->
        <test-method status="PASS" signature="testProductVersion()[pri:0, instance:scripts.VerifyProductVersion@4883b407]" name="testProductVersion" duration-ms="3897" started-at="2018-03-30T11:01:38Z" finished-at="2018-03-30T11:01:41Z">
          <reporter-output>
          </reporter-output>
        </test-method> <!-- testProductVersion -->
        <test-method status="PASS" signature="closeApplication(org.testng.ITestResult)[pri:0, instance:scripts.VerifyProductVersion@4883b407]" name="closeApplication" is-config="true" duration-ms="409" started-at="2018-03-30T11:01:41Z" finished-at="2018-03-30T11:01:42Z">
          <params>
            <param index="0">
              <value>
                <![CDATA[[TestResult name=testProductVersion status=SUCCESS method=VerifyProductVersion.testProductVersion()[pri:0, instance:scripts.VerifyProductVersion@4883b407] output={null}]]]>
              </value>
            </param>
          </params>
          <reporter-output>
          </reporter-output>
        </test-method> <!-- closeApplication -->
      </class> <!-- scripts.VerifyProductVersion -->
    </test> <!-- Default test -->
  </suite> <!-- Default suite -->
</testng-results>
